<?xml version="1.0" encoding="UTF-8"?>
<coverage generated="1576555552217" clover="3.2.0">
  <project timestamp="1576555552218" name="All files">
    <metrics statements="41" coveredstatements="41" conditionals="22" coveredconditionals="22" methods="16" coveredmethods="16" elements="79" coveredelements="79" complexity="0" loc="41" ncloc="41" packages="3" files="5" classes="5"/>
    <package name="constants">
      <metrics statements="3" coveredstatements="3" conditionals="0" coveredconditionals="0" methods="0" coveredmethods="0"/>
      <file name="cards.js" path="/Users/kimcoop/dev/seegrid/src/constants/cards.js">
        <metrics statements="3" coveredstatements="3" conditionals="0" coveredconditionals="0" methods="0" coveredmethods="0"/>
        <line num="1" count="2" type="stmt"/>
        <line num="8" count="2" type="stmt"/>
        <line num="10" count="2" type="stmt"/>
      </file>
    </package>
    <package name="models">
      <metrics statements="38" coveredstatements="38" conditionals="22" coveredconditionals="22" methods="16" coveredmethods="16"/>
      <file name="card.js" path="/Users/kimcoop/dev/seegrid/src/models/card.js">
        <metrics statements="20" coveredstatements="20" conditionals="17" coveredconditionals="17" methods="7" coveredmethods="7"/>
        <line num="6" count="667" type="cond" truecount="2" falsecount="0"/>
        <line num="7" count="1" type="stmt"/>
        <line num="10" count="666" type="cond" truecount="2" falsecount="0"/>
        <line num="11" count="1" type="stmt"/>
        <line num="14" count="665" type="stmt"/>
        <line num="15" count="665" type="stmt"/>
        <line num="20" count="673" type="stmt"/>
        <line num="25" count="674" type="cond" truecount="3" falsecount="0"/>
        <line num="32" count="119" type="cond" truecount="4" falsecount="0"/>
        <line num="33" count="81" type="stmt"/>
        <line num="36" count="38" type="cond" truecount="2" falsecount="0"/>
        <line num="37" count="11" type="stmt"/>
        <line num="40" count="27" type="cond" truecount="2" falsecount="0"/>
        <line num="41" count="9" type="stmt"/>
        <line num="44" count="18" type="cond" truecount="2" falsecount="0"/>
        <line num="45" count="9" type="stmt"/>
        <line num="48" count="9" type="stmt"/>
        <line num="52" count="106" type="stmt"/>
        <line num="62" count="106" type="stmt"/>
        <line num="67" count="53" type="stmt"/>
      </file>
      <file name="deck.js" path="/Users/kimcoop/dev/seegrid/src/models/deck.js">
        <metrics statements="18" coveredstatements="18" conditionals="5" coveredconditionals="5" methods="9" coveredmethods="9"/>
        <line num="7" count="12" type="stmt"/>
        <line num="8" count="48" type="stmt"/>
        <line num="14" count="50" type="stmt"/>
        <line num="16" count="50" type="stmt"/>
        <line num="17" count="650" type="stmt"/>
        <line num="20" count="50" type="stmt"/>
        <line num="27" count="6" type="stmt"/>
        <line num="28" count="306" type="stmt"/>
        <line num="29" count="306" type="stmt"/>
        <line num="34" count="165" type="stmt"/>
        <line num="38" count="160" type="cond" truecount="2" falsecount="0"/>
        <line num="39" count="3" type="stmt"/>
        <line num="42" count="157" type="stmt"/>
        <line num="47" count="2" type="cond" truecount="2" falsecount="0"/>
        <line num="48" count="1" type="stmt"/>
        <line num="50" count="52" type="stmt"/>
        <line num="53" count="1" type="stmt"/>
        <line num="54" count="52" type="stmt"/>
      </file>
      <file name="index.js" path="/Users/kimcoop/dev/seegrid/src/models/index.js">
        <metrics statements="0" coveredstatements="0" conditionals="0" coveredconditionals="0" methods="0" coveredmethods="0"/>
      </file>
    </package>
    <package name="utils">
      <metrics statements="0" coveredstatements="0" conditionals="0" coveredconditionals="0" methods="0" coveredmethods="0"/>
      <file name="index.js" path="/Users/kimcoop/dev/seegrid/src/utils/index.js">
        <metrics statements="0" coveredstatements="0" conditionals="0" coveredconditionals="0" methods="0" coveredmethods="0"/>
      </file>
    </package>
  </project>
</coverage>
