TN:
SF:/Users/kimcoop/dev/seegrid/src/constants/cards.js
FNF:0
FNH:0
DA:1,2
DA:8,2
DA:10,2
LF:3
LH:3
BRF:0
BRH:0
end_of_record
TN:
SF:/Users/kimcoop/dev/seegrid/src/models/card.js
FN:5,(anonymous_0)
FN:19,(anonymous_1)
FN:24,(anonymous_2)
FN:31,(anonymous_3)
FN:51,(anonymous_4)
FN:61,(anonymous_5)
FN:66,(anonymous_6)
FNF:7
FNH:7
FNDA:667,(anonymous_0)
FNDA:673,(anonymous_1)
FNDA:674,(anonymous_2)
FNDA:119,(anonymous_3)
FNDA:106,(anonymous_4)
FNDA:106,(anonymous_5)
FNDA:53,(anonymous_6)
DA:6,667
DA:7,1
DA:10,666
DA:11,1
DA:14,665
DA:15,665
DA:20,673
DA:25,674
DA:32,119
DA:33,81
DA:36,38
DA:37,11
DA:40,27
DA:41,9
DA:44,18
DA:45,9
DA:48,9
DA:52,106
DA:62,106
DA:67,53
LF:20
LH:20
BRDA:6,0,0,1
BRDA:6,0,1,666
BRDA:10,1,0,1
BRDA:10,1,1,665
BRDA:25,2,0,674
BRDA:25,2,1,673
BRDA:25,2,2,669
BRDA:32,3,0,81
BRDA:32,3,1,38
BRDA:32,4,0,119
BRDA:32,4,1,108
BRDA:36,5,0,11
BRDA:36,5,1,27
BRDA:40,6,0,9
BRDA:40,6,1,18
BRDA:44,7,0,9
BRDA:44,7,1,9
BRF:17
BRH:17
end_of_record
TN:
SF:/Users/kimcoop/dev/seegrid/src/models/deck.js
FN:6,(anonymous_0)
FN:8,(anonymous_1)
FN:13,(anonymous_2)
FN:26,(anonymous_3)
FN:33,(anonymous_4)
FN:37,(anonymous_5)
FN:46,(anonymous_6)
FN:50,(anonymous_7)
FN:54,(anonymous_8)
FNF:9
FNH:9
FNDA:12,(anonymous_0)
FNDA:48,(anonymous_1)
FNDA:50,(anonymous_2)
FNDA:6,(anonymous_3)
FNDA:165,(anonymous_4)
FNDA:160,(anonymous_5)
FNDA:2,(anonymous_6)
FNDA:52,(anonymous_7)
FNDA:52,(anonymous_8)
DA:7,12
DA:8,48
DA:14,50
DA:16,50
DA:17,650
DA:20,50
DA:27,6
DA:28,306
DA:29,306
DA:34,165
DA:38,160
DA:39,3
DA:42,157
DA:47,2
DA:48,1
DA:50,52
DA:53,1
DA:54,52
LF:18
LH:18
BRDA:38,0,0,3
BRDA:38,0,1,157
BRDA:46,1,0,1
BRDA:47,2,0,1
BRDA:47,2,1,1
BRF:5
BRH:5
end_of_record
TN:
SF:/Users/kimcoop/dev/seegrid/src/models/index.js
FNF:0
FNH:0
LF:0
LH:0
BRF:0
BRH:0
end_of_record
TN:
SF:/Users/kimcoop/dev/seegrid/src/utils/index.js
FNF:0
FNH:0
LF:0
LH:0
BRF:0
BRH:0
end_of_record
